Deploying migrations for postgresql
Database URL: 

> evolution-api@2.2.2 db:deploy
> node runWithProvider.js "rm -rf ./prisma/migrations && cp -r ./prisma/DATABASE_PROVIDER-migrations ./prisma/migrations && npx prisma migrate deploy --schema ./prisma/DATABASE_PROVIDER-schema.prisma"

Environment variables loaded from .env
Prisma schema loaded from prisma/postgresql-schema.prisma
Datasource "db": PostgreSQL database "isp_management", schema "public" at "host.docker.internal"

49 migrations found in prisma/migrations

Error: P3005

The database schema is not empty. Read more about how to baseline an existing production database: https://pris.ly/d/migrate-baseline

Error executing command: rm -rf ./prisma/migrations && cp -r ./prisma/postgresql-migrations ./prisma/migrations && npx prisma migrate deploy --schema ./prisma/postgresql-schema.prisma
npm notice
npm notice New major version of npm available! 10.8.2 -> 11.12.0
npm notice Changelog: https://github.com/npm/cli/releases/tag/v11.12.0
npm notice To update run: npm install -g npm@11.12.0
npm notice
Migration failed
Deploying migrations for postgresql
Database URL: 

> evolution-api@2.2.2 db:deploy
> node runWithProvider.js "rm -rf ./prisma/migrations && cp -r ./prisma/DATABASE_PROVIDER-migrations ./prisma/migrations && npx prisma migrate deploy --schema ./prisma/DATABASE_PROVIDER-schema.prisma"

Environment variables loaded from .env
Prisma schema loaded from prisma/postgresql-schema.prisma
Datasource "db": PostgreSQL database "isp_management", schema "public" at "host.docker.internal"

49 migrations found in prisma/migrations

Error: P3005

The database schema is not empty. Read more about how to baseline an existing production database: https://pris.ly/d/migrate-baseline

Error executing command: rm -rf ./prisma/migrations && cp -r ./prisma/postgresql-migrations ./prisma/migrations && npx prisma migrate deploy --schema ./prisma/postgresql-schema.prisma
Migration failed
Deploying migrations for postgresql
Database URL: 

> evolution-api@2.2.2 db:deploy
> node runWithProvider.js "rm -rf ./prisma/migrations && cp -r ./prisma/DATABASE_PROVIDER-migrations ./prisma/migrations && npx prisma migrate deploy --schema ./prisma/DATABASE_PROVIDER-schema.prisma"

Environment variables loaded from .env
Prisma schema loaded from prisma/postgresql-schema.prisma
Datasource "db": PostgreSQL database "isp_management", schema "public" at "host.docker.internal"

49 migrations found in prisma/migrations

Error: P3005

The database schema is not empty. Read more about how to baseline an existing production database: https://pris.ly/d/migrate-baseline

Error executing command: rm -rf ./prisma/migrations && cp -r ./prisma/postgresql-migrations ./prisma/migrations && npx prisma migrate deploy --schema ./prisma/postgresql-schema.prisma
Migration failed
Deploying migrations for postgresql
Database URL: 

> evolution-api@2.2.2 db:deploy
> node runWithProvider.js "rm -rf ./prisma/migrations && cp -r ./prisma/DATABASE_PROVIDER-migrations ./prisma/migrations && npx prisma migrate deploy --schema ./prisma/DATABASE_PROVIDER-schema.prisma"

Environment variables loaded from .env
Prisma schema loaded from prisma/postgresql-schema.prisma
Datasource "db": PostgreSQL database "isp_management", schema "public" at "host.docker.internal"

49 migrations found in prisma/migrations

Error: P3005

The database schema is not empty. Read more about how to baseline an existing production database: https://pris.ly/d/migrate-baseline

Error executing command: rm -rf ./prisma/migrations && cp -r ./prisma/postgresql-migrations ./prisma/migrations && npx prisma migrate deploy --schema ./prisma/postgresql-schema.prisma
Migration failed
Deploying migrations for postgresql
Database URL: 

> evolution-api@2.2.2 db:deploy
> node runWithProvider.js "rm -rf ./prisma/migrations && cp -r ./prisma/DATABASE_PROVIDER-migrations ./prisma/migrations && npx prisma migrate deploy --schema ./prisma/DATABASE_PROVIDER-schema.prisma"

Environment variables loaded from .env
Prisma schema loaded from prisma/postgresql-schema.prisma
Datasource "db": PostgreSQL database "isp_management", schema "public" at "host.docker.internal"

49 migrations found in prisma/migrations

Error: P3005

The database schema is not empty. Read more about how to baseline an existing production database: https://pris.ly/d/migrate-baseline

Error executing command: rm -rf ./prisma/migrations && cp -r ./prisma/postgresql-migrations ./prisma/migrations && npx prisma migrate deploy --schema ./prisma/postgresql-schema.prisma
Migration failed
Deploying migrations for postgresql
Database URL: 

> evolution-api@2.2.2 db:deploy
> node runWithProvider.js "rm -rf ./prisma/migrations && cp -r ./prisma/DATABASE_PROVIDER-migrations ./prisma/migrations && npx prisma migrate deploy --schema ./prisma/DATABASE_PROVIDER-schema.prisma"

Environment variables loaded from .env
Prisma schema loaded from prisma/postgresql-schema.prisma
Datasource "db": PostgreSQL database "isp_management", schema "public" at "host.docker.internal"

49 migrations found in prisma/migrations

Error: P3005

The database schema is not empty. Read more about how to baseline an existing production database: https://pris.ly/d/migrate-baseline

Error executing command: rm -rf ./prisma/migrations && cp -r ./prisma/postgresql-migrations ./prisma/migrations && npx prisma migrate deploy --schema ./prisma/postgresql-schema.prisma
Migration failed
Deploying migrations for postgresql
Database URL: 

> evolution-api@2.2.2 db:deploy
> node runWithProvider.js "rm -rf ./prisma/migrations && cp -r ./prisma/DATABASE_PROVIDER-migrations ./prisma/migrations && npx prisma migrate deploy --schema ./prisma/DATABASE_PROVIDER-schema.prisma"

Environment variables loaded from .env
Prisma schema loaded from prisma/postgresql-schema.prisma
Datasource "db": PostgreSQL database "isp_management", schema "public" at "host.docker.internal"

49 migrations found in prisma/migrations

Error: P3005

The database schema is not empty. Read more about how to baseline an existing production database: https://pris.ly/d/migrate-baseline

Error executing command: rm -rf ./prisma/migrations && cp -r ./prisma/postgresql-migrations ./prisma/migrations && npx prisma migrate deploy --schema ./prisma/postgresql-schema.prisma
Migration failed
Deploying migrations for postgresql
Database URL: 

> evolution-api@2.2.2 db:deploy
> node runWithProvider.js "rm -rf ./prisma/migrations && cp -r ./prisma/DATABASE_PROVIDER-migrations ./prisma/migrations && npx prisma migrate deploy --schema ./prisma/DATABASE_PROVIDER-schema.prisma"

Environment variables loaded from .env
Prisma schema loaded from prisma/postgresql-schema.prisma
Datasource "db": PostgreSQL database "isp_management", schema "public" at "host.docker.internal"

49 migrations found in prisma/migrations

Error: P3005

The database schema is not empty. Read more about how to baseline an existing production database: https://pris.ly/d/migrate-baseline

Error executing command: rm -rf ./prisma/migrations && cp -r ./prisma/postgresql-migrations ./prisma/migrations && npx prisma migrate deploy --schema ./prisma/postgresql-schema.prisma
Migration failed
Deploying migrations for postgresql
Database URL: 

> evolution-api@2.2.2 db:deploy
> node runWithProvider.js "rm -rf ./prisma/migrations && cp -r ./prisma/DATABASE_PROVIDER-migrations ./prisma/migrations && npx prisma migrate deploy --schema ./prisma/DATABASE_PROVIDER-schema.prisma"

Environment variables loaded from .env
Prisma schema loaded from prisma/postgresql-schema.prisma
Datasource "db": PostgreSQL database "isp_management", schema "public" at "host.docker.internal"

49 migrations found in prisma/migrations

Error: P3005

The database schema is not empty. Read more about how to baseline an existing production database: https://pris.ly/d/migrate-baseline

Error executing command: rm -rf ./prisma/migrations && cp -r ./prisma/postgresql-migrations ./prisma/migrations && npx prisma migrate deploy --schema ./prisma/postgresql-schema.prisma
Migration failed
Deploying migrations for postgresql
Database URL: 

> evolution-api@2.2.2 db:deploy
> node runWithProvider.js "rm -rf ./prisma/migrations && cp -r ./prisma/DATABASE_PROVIDER-migrations ./prisma/migrations && npx prisma migrate deploy --schema ./prisma/DATABASE_PROVIDER-schema.prisma"

Environment variables loaded from .env
Prisma schema loaded from prisma/postgresql-schema.prisma
Datasource "db": PostgreSQL database "isp_management", schema "public" at "host.docker.internal"

49 migrations found in prisma/migrations

Error: P3005

The database schema is not empty. Read more about how to baseline an existing production database: https://pris.ly/d/migrate-baseline

Error executing command: rm -rf ./prisma/migrations && cp -r ./prisma/postgresql-migrations ./prisma/migrations && npx prisma migrate deploy --schema ./prisma/postgresql-schema.prisma
Migration failed
Deploying migrations for postgresql
Database URL: 

> evolution-api@2.2.2 db:deploy
> node runWithProvider.js "rm -rf ./prisma/migrations && cp -r ./prisma/DATABASE_PROVIDER-migrations ./prisma/migrations && npx prisma migrate deploy --schema ./prisma/DATABASE_PROVIDER-schema.prisma"

Environment variables loaded from .env
Prisma schema loaded from prisma/postgresql-schema.prisma
Datasource "db": PostgreSQL database "isp_management", schema "public" at "host.docker.internal"

49 migrations found in prisma/migrations

Error: P3005

The database schema is not empty. Read more about how to baseline an existing production database: https://pris.ly/d/migrate-baseline

Error executing command: rm -rf ./prisma/migrations && cp -r ./prisma/postgresql-migrations ./prisma/migrations && npx prisma migrate deploy --schema ./prisma/postgresql-schema.prisma
Migration failed
Deploying migrations for postgresql
Database URL: 

> evolution-api@2.2.2 db:deploy
> node runWithProvider.js "rm -rf ./prisma/migrations && cp -r ./prisma/DATABASE_PROVIDER-migrations ./prisma/migrations && npx prisma migrate deploy --schema ./prisma/DATABASE_PROVIDER-schema.prisma"

Environment variables loaded from .env
Prisma schema loaded from prisma/postgresql-schema.prisma
Datasource "db": PostgreSQL database "isp_management", schema "public" at "host.docker.internal"

49 migrations found in prisma/migrations

Error: P3005

The database schema is not empty. Read more about how to baseline an existing production database: https://pris.ly/d/migrate-baseline

Error executing command: rm -rf ./prisma/migrations && cp -r ./prisma/postgresql-migrations ./prisma/migrations && npx prisma migrate deploy --schema ./prisma/postgresql-schema.prisma
Migration failed
